0 info it worked if it ends with ok
1 verbose cli [ 'C:\\Program Files\\nodejs\\node.exe',
1 verbose cli   'C:\\Users\\anakr\\AppData\\Roaming\\npm\\node_modules\\npm\\bin\\npm-cli.js',
1 verbose cli   'run',
1 verbose cli   'build:prod' ]
2 info using npm@3.10.5
3 info using node@v6.6.0
4 verbose run-script [ 'prebuild:prod', 'build:prod', 'postbuild:prod' ]
5 info lifecycle udemy-nodejs-angular2@1.0.0~prebuild:prod: udemy-nodejs-angular2@1.0.0
6 silly lifecycle udemy-nodejs-angular2@1.0.0~prebuild:prod: no script for prebuild:prod, continuing
7 info lifecycle udemy-nodejs-angular2@1.0.0~build:prod: udemy-nodejs-angular2@1.0.0
8 verbose lifecycle udemy-nodejs-angular2@1.0.0~build:prod: unsafe-perm in lifecycle true
9 verbose lifecycle udemy-nodejs-angular2@1.0.0~build:prod: PATH: C:\Users\anakr\AppData\Roaming\npm\node_modules\npm\bin\node-gyp-bin;G:\Workspace\Github\Udemy\Angular2-And-NodeJS\node_modules\.bin;C:\Program Files\nodejs;C:\ProgramData\Oracle\Java\javapath;C:\WINDOWS\system32;C:\WINDOWS;C:\WINDOWS\System32\Wbem;C:\WINDOWS\System32\WindowsPowerShell\v1.0\;C:\Program Files\Git\cmd;C:\Program Files (x86)\Windows Live\Shared;C:\Program Files (x86)\Heroku\bin;C:\Program Files (x86)\git\cmd;C:\Program Files (x86)\Git\cmd;C:\Program Files\nodejs\;C:\Program Files (x86)\Brackets\command;C:\Users\anakr\AppData\Local\Programs\Python\Python35-32\Scripts\;C:\Users\anakr\AppData\Local\Programs\Python\Python35-32\;C:\Ruby22\bin;C:\Program Files (x86)\Microsoft VS Code\bin;C:\Users\anakr\AppData\Local\Programs\Phantomjs\bin;C:\Programme\MongoDB\Server\3.2\bin;C:\Users\anakr\AppData\Roaming\npm;%USERPROFILE%\AppData\Local\Microsoft\WindowsApps;
10 verbose lifecycle udemy-nodejs-angular2@1.0.0~build:prod: CWD: G:\Workspace\Github\Udemy\Angular2-And-NodeJS
11 silly lifecycle udemy-nodejs-angular2@1.0.0~build:prod: Args: [ '/d /s /c',
11 silly lifecycle   'del-cli public/js/app && ngc -p tsconfig.aot.json && ngc -p tsconfig.aot.json && webpack --config webpack.config.prod.js --progress --profile --bail && del-cli \'public/js/app/**/*.js\' \'public/js/app/**/*.js.map\' \'!public/js/app/bundle.js\' \'!public/js/app/*.chunk.js\' \'assets/app/**/*.ngfactory.ts\' \'assets/app/**/*.shim.ts\'' ]
12 silly lifecycle udemy-nodejs-angular2@1.0.0~build:prod: Returned: code: 1  signal: null
13 info lifecycle udemy-nodejs-angular2@1.0.0~build:prod: Failed to exec build:prod script
14 verbose stack Error: udemy-nodejs-angular2@1.0.0 build:prod: `del-cli public/js/app && ngc -p tsconfig.aot.json && ngc -p tsconfig.aot.json && webpack --config webpack.config.prod.js --progress --profile --bail && del-cli 'public/js/app/**/*.js' 'public/js/app/**/*.js.map' '!public/js/app/bundle.js' '!public/js/app/*.chunk.js' 'assets/app/**/*.ngfactory.ts' 'assets/app/**/*.shim.ts'`
14 verbose stack Exit status 1
14 verbose stack     at EventEmitter.<anonymous> (C:\Users\anakr\AppData\Roaming\npm\node_modules\npm\lib\utils\lifecycle.js:242:16)
14 verbose stack     at emitTwo (events.js:106:13)
14 verbose stack     at EventEmitter.emit (events.js:191:7)
14 verbose stack     at ChildProcess.<anonymous> (C:\Users\anakr\AppData\Roaming\npm\node_modules\npm\lib\utils\spawn.js:40:14)
14 verbose stack     at emitTwo (events.js:106:13)
14 verbose stack     at ChildProcess.emit (events.js:191:7)
14 verbose stack     at maybeClose (internal/child_process.js:877:16)
14 verbose stack     at Process.ChildProcess._handle.onexit (internal/child_process.js:226:5)
15 verbose pkgid udemy-nodejs-angular2@1.0.0
16 verbose cwd G:\Workspace\Github\Udemy\Angular2-And-NodeJS
17 error Windows_NT 10.0.14393
18 error argv "C:\\Program Files\\nodejs\\node.exe" "C:\\Users\\anakr\\AppData\\Roaming\\npm\\node_modules\\npm\\bin\\npm-cli.js" "run" "build:prod"
19 error node v6.6.0
20 error npm  v3.10.5
21 error code ELIFECYCLE
22 error udemy-nodejs-angular2@1.0.0 build:prod: `del-cli public/js/app && ngc -p tsconfig.aot.json && ngc -p tsconfig.aot.json && webpack --config webpack.config.prod.js --progress --profile --bail && del-cli 'public/js/app/**/*.js' 'public/js/app/**/*.js.map' '!public/js/app/bundle.js' '!public/js/app/*.chunk.js' 'assets/app/**/*.ngfactory.ts' 'assets/app/**/*.shim.ts'`
22 error Exit status 1
23 error Failed at the udemy-nodejs-angular2@1.0.0 build:prod script 'del-cli public/js/app && ngc -p tsconfig.aot.json && ngc -p tsconfig.aot.json && webpack --config webpack.config.prod.js --progress --profile --bail && del-cli 'public/js/app/**/*.js' 'public/js/app/**/*.js.map' '!public/js/app/bundle.js' '!public/js/app/*.chunk.js' 'assets/app/**/*.ngfactory.ts' 'assets/app/**/*.shim.ts''.
23 error Make sure you have the latest version of node.js and npm installed.
23 error If you do, this is most likely a problem with the udemy-nodejs-angular2 package,
23 error not with npm itself.
23 error Tell the author that this fails on your system:
23 error     del-cli public/js/app && ngc -p tsconfig.aot.json && ngc -p tsconfig.aot.json && webpack --config webpack.config.prod.js --progress --profile --bail && del-cli 'public/js/app/**/*.js' 'public/js/app/**/*.js.map' '!public/js/app/bundle.js' '!public/js/app/*.chunk.js' 'assets/app/**/*.ngfactory.ts' 'assets/app/**/*.shim.ts'
23 error You can get information on how to open an issue for this project with:
23 error     npm bugs udemy-nodejs-angular2
23 error Or if that isn't available, you can get their info via:
23 error     npm owner ls udemy-nodejs-angular2
23 error There is likely additional logging output above.
24 verbose exit [ 1, true ]
